<?xml version="1.0" encoding="UTF-8"?>
<!-- Generated by org.testng.reporters.JUnitXMLReporter -->
<testsuite ignored="0" hostname="Admin" failures="0" tests="4" name="MyFirstTest" time="0.281" errors="0" timestamp="2025-11-27T23:06:31 IST">
  <testcase classname="org.example.testng.TestNG" name="cTest2" time="0.004"/>
  <testcase classname="org.example.testng.TestNG" name="dtest" time="0.006"/>
  <testcase classname="org.example.testng.TestNG" name="bTest2" time="0.006"/>
  <testcase classname="org.example.testng.TestNG" name="aTest" time="0.002"/>
</testsuite> <!-- MyFirstTest -->
