<?xml version="1.0" encoding="UTF-8"?>
<testng-results ignored="0" total="4" passed="4" failed="0" skipped="0">
  <reporter-output>
  </reporter-output>
  <suite started-at="2025-11-27T23:06:30 IST" name="MyTestSuite" finished-at="2025-11-27T23:06:30 IST" duration-ms="281">
    <groups>
    </groups>
    <test started-at="2025-11-27T23:06:30 IST" name="MyFirstTest" finished-at="2025-11-27T23:06:30 IST" duration-ms="281">
      <class name="org.example.testng.TestNG">
        <test-method is-config="true" signature="beforesuite()[pri:0, instance:org.example.testng.TestNG@365c30cc]" started-at="2025-11-27T23:06:30 IST" name="beforesuite" finished-at="2025-11-27T23:06:30 IST" duration-ms="50" status="PASS">
          <reporter-output>
          </reporter-output>
        </test-method> <!-- beforesuite -->
        <test-method is-config="true" signature="beforeTest()[pri:0, instance:org.example.testng.TestNG@365c30cc]" started-at="2025-11-27T23:06:30 IST" name="beforeTest" finished-at="2025-11-27T23:06:30 IST" duration-ms="2" status="PASS">
          <reporter-output>
          </reporter-output>
        </test-method> <!-- beforeTest -->
        <test-method is-config="true" signature="beforeclass()[pri:0, instance:org.example.testng.TestNG@365c30cc]" started-at="2025-11-27T23:06:30 IST" name="beforeclass" finished-at="2025-11-27T23:06:30 IST" duration-ms="3" status="PASS">
          <reporter-output>
          </reporter-output>
        </test-method> <!-- beforeclass -->
        <test-method is-config="true" signature="beforemethod()[pri:0, instance:org.example.testng.TestNG@365c30cc]" started-at="2025-11-27T23:06:30 IST" name="beforemethod" finished-at="2025-11-27T23:06:30 IST" duration-ms="2" status="PASS">
          <reporter-output>
          </reporter-output>
        </test-method> <!-- beforemethod -->
        <test-method signature="cTest2()[pri:-1, instance:org.example.testng.TestNG@365c30cc]" started-at="2025-11-27T23:06:30 IST" name="cTest2" finished-at="2025-11-27T23:06:30 IST" duration-ms="4" status="PASS">
          <reporter-output>
          </reporter-output>
        </test-method> <!-- cTest2 -->
        <test-method is-config="true" signature="aftermethod()[pri:0, instance:org.example.testng.TestNG@365c30cc]" started-at="2025-11-27T23:06:30 IST" name="aftermethod" finished-at="2025-11-27T23:06:30 IST" duration-ms="5" status="PASS">
          <reporter-output>
          </reporter-output>
        </test-method> <!-- aftermethod -->
        <test-method is-config="true" signature="beforemethod()[pri:0, instance:org.example.testng.TestNG@365c30cc]" started-at="2025-11-27T23:06:30 IST" name="beforemethod" finished-at="2025-11-27T23:06:30 IST" duration-ms="3" status="PASS">
          <reporter-output>
          </reporter-output>
        </test-method> <!-- beforemethod -->
        <test-method signature="dtest()[pri:0, instance:org.example.testng.TestNG@365c30cc]" started-at="2025-11-27T23:06:30 IST" name="dtest" finished-at="2025-11-27T23:06:30 IST" duration-ms="6" status="PASS">
          <reporter-output>
          </reporter-output>
        </test-method> <!-- dtest -->
        <test-method is-config="true" signature="aftermethod()[pri:0, instance:org.example.testng.TestNG@365c30cc]" started-at="2025-11-27T23:06:30 IST" name="aftermethod" finished-at="2025-11-27T23:06:30 IST" duration-ms="10" status="PASS">
          <reporter-output>
          </reporter-output>
        </test-method> <!-- aftermethod -->
        <test-method is-config="true" signature="beforemethod()[pri:0, instance:org.example.testng.TestNG@365c30cc]" started-at="2025-11-27T23:06:30 IST" name="beforemethod" finished-at="2025-11-27T23:06:30 IST" duration-ms="8" status="PASS">
          <reporter-output>
          </reporter-output>
        </test-method> <!-- beforemethod -->
        <test-method signature="bTest2()[pri:1, instance:org.example.testng.TestNG@365c30cc]" started-at="2025-11-27T23:06:30 IST" name="bTest2" finished-at="2025-11-27T23:06:30 IST" duration-ms="6" status="PASS">
          <reporter-output>
          </reporter-output>
        </test-method> <!-- bTest2 -->
        <test-method is-config="true" signature="aftermethod()[pri:0, instance:org.example.testng.TestNG@365c30cc]" started-at="2025-11-27T23:06:30 IST" name="aftermethod" finished-at="2025-11-27T23:06:30 IST" duration-ms="11" status="PASS">
          <reporter-output>
          </reporter-output>
        </test-method> <!-- aftermethod -->
        <test-method is-config="true" signature="beforemethod()[pri:0, instance:org.example.testng.TestNG@365c30cc]" started-at="2025-11-27T23:06:30 IST" name="beforemethod" finished-at="2025-11-27T23:06:30 IST" duration-ms="9" status="PASS">
          <reporter-output>
          </reporter-output>
        </test-method> <!-- beforemethod -->
        <test-method signature="aTest()[pri:2, instance:org.example.testng.TestNG@365c30cc]" started-at="2025-11-27T23:06:30 IST" name="aTest" finished-at="2025-11-27T23:06:30 IST" duration-ms="2" status="PASS">
          <reporter-output>
          </reporter-output>
        </test-method> <!-- aTest -->
        <test-method is-config="true" signature="aftermethod()[pri:0, instance:org.example.testng.TestNG@365c30cc]" started-at="2025-11-27T23:06:30 IST" name="aftermethod" finished-at="2025-11-27T23:06:30 IST" duration-ms="7" status="PASS">
          <reporter-output>
          </reporter-output>
        </test-method> <!-- aftermethod -->
        <test-method is-config="true" signature="afterClass()[pri:0, instance:org.example.testng.TestNG@365c30cc]" started-at="2025-11-27T23:06:30 IST" name="afterClass" finished-at="2025-11-27T23:06:30 IST" duration-ms="3" status="PASS">
          <reporter-output>
          </reporter-output>
        </test-method> <!-- afterClass -->
        <test-method is-config="true" signature="afterTest()[pri:0, instance:org.example.testng.TestNG@365c30cc]" started-at="2025-11-27T23:06:30 IST" name="afterTest" finished-at="2025-11-27T23:06:30 IST" duration-ms="4" status="PASS">
          <reporter-output>
          </reporter-output>
        </test-method> <!-- afterTest -->
        <test-method is-config="true" signature="aftersuite()[pri:0, instance:org.example.testng.TestNG@365c30cc]" started-at="2025-11-27T23:06:31 IST" name="aftersuite" finished-at="2025-11-27T23:06:31 IST" duration-ms="1" status="PASS">
          <reporter-output>
          </reporter-output>
        </test-method> <!-- aftersuite -->
      </class> <!-- org.example.testng.TestNG -->
    </test> <!-- MyFirstTest -->
  </suite> <!-- MyTestSuite -->
</testng-results>
