<?xml version="1.0" encoding="UTF-8"?>
<!-- Generated by org.testng.reporters.JUnitReportReporter -->
<testsuite hostname="Admin" failures="0" tests="4" name="org.example.testng.TestNG" time="0.073" errors="0" timestamp="2025-11-27T23:06:31 IST" skipped="0">
  <testcase classname="org.example.testng.TestNG" name="cTest2" time="0.017"/>
  <system-out/>
  <testcase classname="org.example.testng.TestNG" name="dtest" time="0.015"/>
  <system-out/>
  <testcase classname="org.example.testng.TestNG" name="bTest2" time="0.020"/>
  <system-out/>
  <testcase classname="org.example.testng.TestNG" name="aTest" time="0.021"/>
  <system-out/>
</testsuite> <!-- org.example.testng.TestNG -->
